Build started 5/8/2017 10:01:44 AM.
     1>Project "C:\Users\17jba02\Documents\GitHub\BurgerTime\BurgerTime\BurgerTime.vcxproj" on node 2 (Build target(s)).
     1>ClCompile:
         C:\Program Files (x86)\Microsoft Visual Studio 12.0\VC\bin\CL.exe /c /I"C:\SFML-2.4.2\include" /Zi /nologo /W3 /WX- /sdl /Od /Oy- /Gm /EHsc /RTC1 /MDd /GS /fp:precise /Zc:wchar_t /Zc:forScope /Yu"stdafx.h" /Fp"Debug\BurgerTime.pch" /Fo"Debug\\" /Fd"Debug\vc120.pdb" /Gd /TP /analyze- /errorReport:prompt BurgerTime.cpp GameState.cpp Level.cpp
         Level.cpp
     1>c:\users\17jba02\documents\github\burgertime\burgertime\GameObject.h(37): warning C4244: '=' : conversion from 'double' to 'float', possible loss of data
     1>c:\users\17jba02\documents\github\burgertime\burgertime\GameObject.h(38): warning C4244: '=' : conversion from 'double' to 'float', possible loss of data
     1>Level.cpp(121): warning C4018: '<' : signed/unsigned mismatch
     1>Level.cpp(134): warning C4018: '<' : signed/unsigned mismatch
     1>Level.cpp(297): warning C4018: '<' : signed/unsigned mismatch
     1>Level.cpp(343): warning C4244: 'initializing' : conversion from 'float' to 'int', possible loss of data
     1>Level.cpp(394): warning C4244: 'argument' : conversion from 'float' to 'int', possible loss of data
     1>Level.cpp(395): warning C4244: 'argument' : conversion from 'float' to 'int', possible loss of data
     1>Level.cpp(398): warning C4244: 'argument' : conversion from 'float' to 'int', possible loss of data
     1>Level.cpp(401): warning C4244: 'argument' : conversion from 'float' to 'int', possible loss of data
     1>Level.cpp(404): warning C4244: 'argument' : conversion from 'float' to 'int', possible loss of data
     1>Level.cpp(407): warning C4244: 'argument' : conversion from 'float' to 'int', possible loss of data
     1>Level.cpp(410): warning C4244: 'argument' : conversion from 'float' to 'int', possible loss of data
     1>Level.cpp(412): warning C4244: 'argument' : conversion from 'float' to 'int', possible loss of data
     1>Level.cpp(415): warning C4244: 'argument' : conversion from 'float' to 'int', possible loss of data
     1>Level.cpp(418): warning C4244: 'argument' : conversion from 'float' to 'int', possible loss of data
     1>Level.cpp(419): warning C4244: 'argument' : conversion from 'float' to 'int', possible loss of data
     1>Level.cpp(443): warning C4244: 'argument' : conversion from 'int' to 'float', possible loss of data
     1>Level.cpp(460): warning C4244: 'argument' : conversion from 'int' to 'float', possible loss of data
     1>Level.cpp(510): warning C4018: '<' : signed/unsigned mismatch
     1>Level.cpp(514): warning C4018: '<' : signed/unsigned mismatch
     1>Level.cpp(717): warning C4018: '<' : signed/unsigned mismatch
         Generating Code...
     1>c:\users\17jba02\documents\github\burgertime\burgertime\level.cpp(712): warning C4715: 'Level::gridLock' : not all control paths return a value
         Compiling...
         GameState.cpp
     1>c:\users\17jba02\documents\github\burgertime\burgertime\GameObject.h(37): warning C4244: '=' : conversion from 'double' to 'float', possible loss of data
     1>c:\users\17jba02\documents\github\burgertime\burgertime\GameObject.h(38): warning C4244: '=' : conversion from 'double' to 'float', possible loss of data
         Generating Code...
         Skipping... (no relevant changes detected)
         BurgerTime.cpp
       Link:
         C:\Program Files (x86)\Microsoft Visual Studio 12.0\VC\bin\link.exe /ERRORREPORT:PROMPT /OUT:"C:\Users\17jba02\Documents\GitHub\BurgerTime\Debug\BurgerTime.exe" /INCREMENTAL /NOLOGO /LIBPATH:"C:\SFML-2.4.2\lib" "sfml-graphics-d.lib" "sfml-window-d.lib" "sfml-system-d.lib" "sfml-audio-d.lib" /MANIFEST /MANIFESTUAC:"level='asInvoker' uiAccess='false'" /manifest:embed /DEBUG /PDB:"C:\Users\17jba02\Documents\GitHub\BurgerTime\Debug\BurgerTime.pdb" /SUBSYSTEM:CONSOLE /TLBID:1 /DYNAMICBASE /NXCOMPAT /IMPLIB:"C:\Users\17jba02\Documents\GitHub\BurgerTime\Debug\BurgerTime.lib" /MACHINE:X86 Debug\Animation.obj
         Debug\AudioCenter.obj
         Debug\Burger.obj
         Debug\BurgerTime.obj
         Debug\Enemy.obj
         Debug\Floor.obj
         Debug\GameObject.obj
         Debug\GameState.obj
         Debug\Ingredient.obj
         Debug\Item.obj
         Debug\Ladder.obj
         Debug\Level.obj
         Debug\PepperShot.obj
         Debug\Player.obj
         Debug\Sound.obj
         Debug\stdafx.obj
         Debug\Structure.obj
         BurgerTime.vcxproj -> C:\Users\17jba02\Documents\GitHub\BurgerTime\Debug\BurgerTime.exe
     1>Done Building Project "C:\Users\17jba02\Documents\GitHub\BurgerTime\BurgerTime\BurgerTime.vcxproj" (Build target(s)).

Build succeeded.

Time Elapsed 00:00:02.07
